<?xml version="1.0" encoding="UTF-8"?>
<testsuite xmlns:xsi="http://www.w3.org/2001/XMLSchema-instance" xsi:noNamespaceSchemaLocation="https://maven.apache.org/surefire/maven-surefire-plugin/xsd/surefire-test-report.xsd" name="com.ecspace.business.resourceCenter.administrator.service.ResourceServiceTest" time="0.165" tests="4" errors="1" skipped="0" failures="0">
  <properties>
    <property name="sun.desktop" value="windows"/>
    <property name="awt.toolkit" value="sun.awt.windows.WToolkit"/>
    <property name="file.encoding.pkg" value="sun.io"/>
    <property name="java.specification.version" value="1.8"/>
    <property name="sun.cpu.isalist" value="amd64"/>
    <property name="sun.jnu.encoding" value="GBK"/>
    <property name="java.class.path" value="F:\workSpace\EIS\EISParent\EIS5-3\eis-business\business-resourceCenter\target\test-classes;F:\workSpace\EIS\EISParent\EIS5-3\eis-business\business-resourceCenter\target\classes;F:\workSpace\EIS\EISParent\EIS5-3\eis-business\business-accountCenter\target\EIS5.jar;F:\mvn_repository\org\apache\maven\plugins\maven-jar-plugin\2.4\maven-jar-plugin-2.4.jar;F:\mvn_repository\org\apache\maven\maven-plugin-api\2.0.6\maven-plugin-api-2.0.6.jar;F:\mvn_repository\org\apache\maven\maven-project\2.0.6\maven-project-2.0.6.jar;F:\mvn_repository\org\apache\maven\maven-settings\2.0.6\maven-settings-2.0.6.jar;F:\mvn_repository\org\apache\maven\maven-profile\2.0.6\maven-profile-2.0.6.jar;F:\mvn_repository\org\apache\maven\maven-artifact-manager\2.0.6\maven-artifact-manager-2.0.6.jar;F:\mvn_repository\org\apache\maven\maven-repository-metadata\2.0.6\maven-repository-metadata-2.0.6.jar;F:\mvn_repository\org\apache\maven\wagon\wagon-provider-api\1.0-beta-2\wagon-provider-api-1.0-beta-2.jar;F:\mvn_repository\org\apache\maven\maven-plugin-registry\2.0.6\maven-plugin-registry-2.0.6.jar;F:\mvn_repository\org\codehaus\plexus\plexus-container-default\1.0-alpha-9-stable-1\plexus-container-default-1.0-alpha-9-stable-1.jar;F:\mvn_repository\classworlds\classworlds\1.1-alpha-2\classworlds-1.1-alpha-2.jar;F:\mvn_repository\org\apache\maven\maven-model\2.0.6\maven-model-2.0.6.jar;F:\mvn_repository\org\apache\maven\maven-artifact\2.0.6\maven-artifact-2.0.6.jar;F:\mvn_repository\org\apache\maven\maven-archiver\2.5\maven-archiver-2.5.jar;F:\mvn_repository\org\apache\maven\maven-core\2.0.6\maven-core-2.0.6.jar;F:\mvn_repository\org\apache\maven\wagon\wagon-file\1.0-beta-2\wagon-file-1.0-beta-2.jar;F:\mvn_repository\org\apache\maven\maven-plugin-parameter-documenter\2.0.6\maven-plugin-parameter-documenter-2.0.6.jar;F:\mvn_repository\org\apache\maven\wagon\wagon-http-lightweight\1.0-beta-2\wagon-http-lightweight-1.0-beta-2.jar;F:\mvn_repository\org\apache\maven\wagon\wagon-http-shared\1.0-beta-2\wagon-http-shared-1.0-beta-2.jar;F:\mvn_repository\jtidy\jtidy\4aug2000r7-dev\jtidy-4aug2000r7-dev.jar;F:\mvn_repository\xml-apis\xml-apis\1.0.b2\xml-apis-1.0.b2.jar;F:\mvn_repository\org\apache\maven\reporting\maven-reporting-api\2.0.6\maven-reporting-api-2.0.6.jar;F:\mvn_repository\org\apache\maven\doxia\doxia-sink-api\1.0-alpha-7\doxia-sink-api-1.0-alpha-7.jar;F:\mvn_repository\org\apache\maven\maven-error-diagnostics\2.0.6\maven-error-diagnostics-2.0.6.jar;F:\mvn_repository\commons-cli\commons-cli\1.0\commons-cli-1.0.jar;F:\mvn_repository\org\apache\maven\wagon\wagon-ssh-external\1.0-beta-2\wagon-ssh-external-1.0-beta-2.jar;F:\mvn_repository\org\apache\maven\wagon\wagon-ssh-common\1.0-beta-2\wagon-ssh-common-1.0-beta-2.jar;F:\mvn_repository\org\apache\maven\maven-plugin-descriptor\2.0.6\maven-plugin-descriptor-2.0.6.jar;F:\mvn_repository\org\codehaus\plexus\plexus-interactivity-api\1.0-alpha-4\plexus-interactivity-api-1.0-alpha-4.jar;F:\mvn_repository\org\apache\maven\maven-monitor\2.0.6\maven-monitor-2.0.6.jar;F:\mvn_repository\org\apache\maven\wagon\wagon-ssh\1.0-beta-2\wagon-ssh-1.0-beta-2.jar;F:\mvn_repository\com\jcraft\jsch\0.1.27\jsch-0.1.27.jar;F:\mvn_repository\org\codehaus\plexus\plexus-interpolation\1.15\plexus-interpolation-1.15.jar;F:\mvn_repository\org\codehaus\plexus\plexus-archiver\2.1\plexus-archiver-2.1.jar;F:\mvn_repository\org\codehaus\plexus\plexus-io\2.0.2\plexus-io-2.0.2.jar;F:\mvn_repository\org\codehaus\plexus\plexus-utils\3.0\plexus-utils-3.0.jar;F:\mvn_repository\junit\junit\4.11\junit-4.11.jar;F:\mvn_repository\org\hamcrest\hamcrest-core\1.3\hamcrest-core-1.3.jar;F:\mvn_repository\org\springframework\spring-core\5.0.8.RELEASE\spring-core-5.0.8.RELEASE.jar;F:\mvn_repository\org\springframework\spring-jcl\5.0.8.RELEASE\spring-jcl-5.0.8.RELEASE.jar;F:\mvn_repository\org\springframework\spring-webmvc\5.0.8.RELEASE\spring-webmvc-5.0.8.RELEASE.jar;F:\mvn_repository\org\springframework\spring-expression\5.0.8.RELEASE\spring-expression-5.0.8.RELEASE.jar;F:\mvn_repository\org\springframework\spring-web\5.0.8.RELEASE\spring-web-5.0.8.RELEASE.jar;F:\mvn_repository\org\springframework\spring-beans\5.0.8.RELEASE\spring-beans-5.0.8.RELEASE.jar;F:\mvn_repository\org\springframework\spring-context\5.0.8.RELEASE\spring-context-5.0.8.RELEASE.jar;F:\mvn_repository\org\springframework\spring-aop\5.0.8.RELEASE\spring-aop-5.0.8.RELEASE.jar;F:\mvn_repository\org\springframework\spring-tx\5.0.8.RELEASE\spring-tx-5.0.8.RELEASE.jar;F:\mvn_repository\org\springframework\spring-orm\5.0.8.RELEASE\spring-orm-5.0.8.RELEASE.jar;F:\mvn_repository\org\springframework\spring-jdbc\5.0.8.RELEASE\spring-jdbc-5.0.8.RELEASE.jar;F:\mvn_repository\org\springframework\spring-test\5.0.8.RELEASE\spring-test-5.0.8.RELEASE.jar;F:\mvn_repository\org\mybatis\mybatis\3.2.7\mybatis-3.2.7.jar;F:\mvn_repository\org\mybatis\mybatis-spring\1.2.2\mybatis-spring-1.2.2.jar;F:\mvn_repository\mysql\mysql-connector-java\5.1.30\mysql-connector-java-5.1.30.jar;F:\mvn_repository\com\alibaba\druid\1.0.5\druid-1.0.5.jar;F:\mvn_repository\org\codehaus\jackson\jackson-mapper-asl\1.9.13\jackson-mapper-asl-1.9.13.jar;F:\mvn_repository\org\codehaus\jackson\jackson-core-asl\1.9.13\jackson-core-asl-1.9.13.jar;F:\mvn_repository\com\fasterxml\jackson\core\jackson-core\2.9.4\jackson-core-2.9.4.jar;F:\mvn_repository\com\fasterxml\jackson\core\jackson-databind\2.9.4\jackson-databind-2.9.4.jar;F:\mvn_repository\com\fasterxml\jackson\core\jackson-annotations\2.9.4\jackson-annotations-2.9.4.jar;F:\mvn_repository\net\sf\json-lib\json-lib\2.3\json-lib-2.3-jdk15.jar;F:\mvn_repository\commons-beanutils\commons-beanutils\1.8.3\commons-beanutils-1.8.3.jar;F:\mvn_repository\commons-lang\commons-lang\2.5\commons-lang-2.5.jar;F:\mvn_repository\net\sf\ezmorph\ezmorph\1.0.6\ezmorph-1.0.6.jar;F:\mvn_repository\log4j\log4j\1.2.12\log4j-1.2.12.jar;F:\mvn_repository\org\slf4j\slf4j-api\1.6.6\slf4j-api-1.6.6.jar;F:\mvn_repository\org\slf4j\slf4j-log4j12\1.6.6\slf4j-log4j12-1.6.6.jar;F:\mvn_repository\javax\servlet\jstl\1.2\jstl-1.2.jar;F:\mvn_repository\javax\servlet\javax.servlet-api\3.1.0\javax.servlet-api-3.1.0.jar;F:\mvn_repository\commons-fileupload\commons-fileupload\1.3.1\commons-fileupload-1.3.1.jar;F:\mvn_repository\commons-io\commons-io\2.2\commons-io-2.2.jar;F:\mvn_repository\org\apache\httpcomponents\httpclient\4.1.2\httpclient-4.1.2.jar;F:\mvn_repository\org\apache\httpcomponents\httpcore\4.1.2\httpcore-4.1.2.jar;F:\mvn_repository\commons-codec\commons-codec\1.9\commons-codec-1.9.jar;F:\mvn_repository\commons-net\commons-net\3.3\commons-net-3.3.jar;F:\mvn_repository\commons-logging\commons-logging\1.1.3\commons-logging-1.1.3.jar;F:\mvn_repository\commons-collections\commons-collections\3.2.1\commons-collections-3.2.1.jar;F:\mvn_repository\commons-dbcp\commons-dbcp\1.4\commons-dbcp-1.4.jar;F:\mvn_repository\commons-pool\commons-pool\1.5.4\commons-pool-1.5.4.jar;F:\mvn_repository\org\aspectj\aspectjweaver\1.6.12\aspectjweaver-1.6.12.jar;F:\mvn_repository\org\aspectj\aspectjrt\1.6.12\aspectjrt-1.6.12.jar;F:\mvn_repository\org\sitemesh\sitemesh\3.0.0\sitemesh-3.0.0.jar;F:\mvn_repository\com\alibaba\fastjson\1.2.58\fastjson-1.2.58.jar;F:\mvn_repository\org\elasticsearch\elasticsearch\6.2.2\elasticsearch-6.2.2.jar;F:\mvn_repository\org\elasticsearch\elasticsearch-core\6.2.2\elasticsearch-core-6.2.2.jar;F:\mvn_repository\org\apache\lucene\lucene-core\7.2.1\lucene-core-7.2.1.jar;F:\mvn_repository\org\apache\lucene\lucene-analyzers-common\7.2.1\lucene-analyzers-common-7.2.1.jar;F:\mvn_repository\org\apache\lucene\lucene-backward-codecs\7.2.1\lucene-backward-codecs-7.2.1.jar;F:\mvn_repository\org\apache\lucene\lucene-grouping\7.2.1\lucene-grouping-7.2.1.jar;F:\mvn_repository\org\apache\lucene\lucene-highlighter\7.2.1\lucene-highlighter-7.2.1.jar;F:\mvn_repository\org\apache\lucene\lucene-join\7.2.1\lucene-join-7.2.1.jar;F:\mvn_repository\org\apache\lucene\lucene-memory\7.2.1\lucene-memory-7.2.1.jar;F:\mvn_repository\org\apache\lucene\lucene-misc\7.2.1\lucene-misc-7.2.1.jar;F:\mvn_repository\org\apache\lucene\lucene-queries\7.2.1\lucene-queries-7.2.1.jar;F:\mvn_repository\org\apache\lucene\lucene-queryparser\7.2.1\lucene-queryparser-7.2.1.jar;F:\mvn_repository\org\apache\lucene\lucene-sandbox\7.2.1\lucene-sandbox-7.2.1.jar;F:\mvn_repository\org\apache\lucene\lucene-spatial\7.2.1\lucene-spatial-7.2.1.jar;F:\mvn_repository\org\apache\lucene\lucene-spatial-extras\7.2.1\lucene-spatial-extras-7.2.1.jar;F:\mvn_repository\org\apache\lucene\lucene-spatial3d\7.2.1\lucene-spatial3d-7.2.1.jar;F:\mvn_repository\org\apache\lucene\lucene-suggest\7.2.1\lucene-suggest-7.2.1.jar;F:\mvn_repository\org\elasticsearch\securesm\1.2\securesm-1.2.jar;F:\mvn_repository\org\elasticsearch\elasticsearch-cli\6.2.2\elasticsearch-cli-6.2.2.jar;F:\mvn_repository\net\sf\jopt-simple\jopt-simple\5.0.2\jopt-simple-5.0.2.jar;F:\mvn_repository\com\carrotsearch\hppc\0.7.1\hppc-0.7.1.jar;F:\mvn_repository\joda-time\joda-time\2.9.9\joda-time-2.9.9.jar;F:\mvn_repository\org\yaml\snakeyaml\1.17\snakeyaml-1.17.jar;F:\mvn_repository\com\fasterxml\jackson\dataformat\jackson-dataformat-smile\2.8.10\jackson-dataformat-smile-2.8.10.jar;F:\mvn_repository\com\fasterxml\jackson\dataformat\jackson-dataformat-yaml\2.8.10\jackson-dataformat-yaml-2.8.10.jar;F:\mvn_repository\com\fasterxml\jackson\dataformat\jackson-dataformat-cbor\2.8.10\jackson-dataformat-cbor-2.8.10.jar;F:\mvn_repository\com\tdunning\t-digest\3.0\t-digest-3.0.jar;F:\mvn_repository\org\hdrhistogram\HdrHistogram\2.1.9\HdrHistogram-2.1.9.jar;F:\mvn_repository\org\apache\logging\log4j\log4j-api\2.9.1\log4j-api-2.9.1.jar;F:\mvn_repository\org\elasticsearch\jna\4.5.1\jna-4.5.1.jar;F:\mvn_repository\org\elasticsearch\client\transport\6.2.2\transport-6.2.2.jar;F:\mvn_repository\org\elasticsearch\plugin\transport-netty4-client\6.2.2\transport-netty4-client-6.2.2.jar;F:\mvn_repository\io\netty\netty-buffer\4.1.16.Final\netty-buffer-4.1.16.Final.jar;F:\mvn_repository\io\netty\netty-codec\4.1.16.Final\netty-codec-4.1.16.Final.jar;F:\mvn_repository\io\netty\netty-codec-http\4.1.16.Final\netty-codec-http-4.1.16.Final.jar;F:\mvn_repository\io\netty\netty-common\4.1.16.Final\netty-common-4.1.16.Final.jar;F:\mvn_repository\io\netty\netty-handler\4.1.16.Final\netty-handler-4.1.16.Final.jar;F:\mvn_repository\io\netty\netty-resolver\4.1.16.Final\netty-resolver-4.1.16.Final.jar;F:\mvn_repository\io\netty\netty-transport\4.1.16.Final\netty-transport-4.1.16.Final.jar;F:\mvn_repository\org\locationtech\spatial4j\spatial4j\0.6\spatial4j-0.6.jar;F:\mvn_repository\com\vividsolutions\jts\1.13\jts-1.13.jar;F:\mvn_repository\org\apache\logging\log4j\log4j-core\2.9.1\log4j-core-2.9.1.jar;F:\mvn_repository\org\elasticsearch\plugin\reindex-client\6.2.2\reindex-client-6.2.2.jar;F:\mvn_repository\org\elasticsearch\client\elasticsearch-rest-client\6.2.2\elasticsearch-rest-client-6.2.2.jar;F:\mvn_repository\org\apache\httpcomponents\httpasyncclient\4.1.2\httpasyncclient-4.1.2.jar;F:\mvn_repository\org\apache\httpcomponents\httpcore-nio\4.4.5\httpcore-nio-4.4.5.jar;F:\mvn_repository\org\elasticsearch\plugin\lang-mustache-client\6.2.2\lang-mustache-client-6.2.2.jar;F:\mvn_repository\com\github\spullara\mustache\java\compiler\0.9.3\compiler-0.9.3.jar;F:\mvn_repository\org\elasticsearch\plugin\percolator-client\6.2.2\percolator-client-6.2.2.jar;F:\mvn_repository\org\elasticsearch\plugin\parent-join-client\6.2.2\parent-join-client-6.2.2.jar;F:\mvn_repository\org\elasticsearch\plugin\rank-eval-client\6.2.2\rank-eval-client-6.2.2.jar;F:\mvn_repository\org\springframework\data\spring-data-elasticsearch\3.1.9.RELEASE\spring-data-elasticsearch-3.1.9.RELEASE.jar;F:\mvn_repository\org\springframework\data\spring-data-commons\2.1.9.RELEASE\spring-data-commons-2.1.9.RELEASE.jar;"/>
    <property name="java.vm.vendor" value="Oracle Corporation"/>
    <property name="sun.arch.data.model" value="64"/>
    <property name="user.variant" value=""/>
    <property name="java.vendor.url" value="http://java.oracle.com/"/>
    <property name="user.timezone" value="Asia/Shanghai"/>
    <property name="java.vm.specification.version" value="1.8"/>
    <property name="os.name" value="Windows 10"/>
    <property name="user.country" value="CN"/>
    <property name="sun.java.launcher" value="SUN_STANDARD"/>
    <property name="sun.boot.library.path" value="D:\develop\Java\jdk1.8.0_201\jre\bin"/>
    <property name="sun.java.command" value="C:\Windows\TEMP\surefire1065949831438461692\surefirebooter4682722565407347776.jar C:\Windows\temp\surefire1065949831438461692 2019-12-11T14-25-34_671-jvmRun1 surefire6299044806179383407tmp surefire_02877925845970376542tmp"/>
    <property name="surefire.test.class.path" value="F:\workSpace\EIS\EISParent\EIS5-3\eis-business\business-resourceCenter\target\test-classes;F:\workSpace\EIS\EISParent\EIS5-3\eis-business\business-resourceCenter\target\classes;F:\workSpace\EIS\EISParent\EIS5-3\eis-business\business-accountCenter\target\EIS5.jar;F:\mvn_repository\org\apache\maven\plugins\maven-jar-plugin\2.4\maven-jar-plugin-2.4.jar;F:\mvn_repository\org\apache\maven\maven-plugin-api\2.0.6\maven-plugin-api-2.0.6.jar;F:\mvn_repository\org\apache\maven\maven-project\2.0.6\maven-project-2.0.6.jar;F:\mvn_repository\org\apache\maven\maven-settings\2.0.6\maven-settings-2.0.6.jar;F:\mvn_repository\org\apache\maven\maven-profile\2.0.6\maven-profile-2.0.6.jar;F:\mvn_repository\org\apache\maven\maven-artifact-manager\2.0.6\maven-artifact-manager-2.0.6.jar;F:\mvn_repository\org\apache\maven\maven-repository-metadata\2.0.6\maven-repository-metadata-2.0.6.jar;F:\mvn_repository\org\apache\maven\wagon\wagon-provider-api\1.0-beta-2\wagon-provider-api-1.0-beta-2.jar;F:\mvn_repository\org\apache\maven\maven-plugin-registry\2.0.6\maven-plugin-registry-2.0.6.jar;F:\mvn_repository\org\codehaus\plexus\plexus-container-default\1.0-alpha-9-stable-1\plexus-container-default-1.0-alpha-9-stable-1.jar;F:\mvn_repository\classworlds\classworlds\1.1-alpha-2\classworlds-1.1-alpha-2.jar;F:\mvn_repository\org\apache\maven\maven-model\2.0.6\maven-model-2.0.6.jar;F:\mvn_repository\org\apache\maven\maven-artifact\2.0.6\maven-artifact-2.0.6.jar;F:\mvn_repository\org\apache\maven\maven-archiver\2.5\maven-archiver-2.5.jar;F:\mvn_repository\org\apache\maven\maven-core\2.0.6\maven-core-2.0.6.jar;F:\mvn_repository\org\apache\maven\wagon\wagon-file\1.0-beta-2\wagon-file-1.0-beta-2.jar;F:\mvn_repository\org\apache\maven\maven-plugin-parameter-documenter\2.0.6\maven-plugin-parameter-documenter-2.0.6.jar;F:\mvn_repository\org\apache\maven\wagon\wagon-http-lightweight\1.0-beta-2\wagon-http-lightweight-1.0-beta-2.jar;F:\mvn_repository\org\apache\maven\wagon\wagon-http-shared\1.0-beta-2\wagon-http-shared-1.0-beta-2.jar;F:\mvn_repository\jtidy\jtidy\4aug2000r7-dev\jtidy-4aug2000r7-dev.jar;F:\mvn_repository\xml-apis\xml-apis\1.0.b2\xml-apis-1.0.b2.jar;F:\mvn_repository\org\apache\maven\reporting\maven-reporting-api\2.0.6\maven-reporting-api-2.0.6.jar;F:\mvn_repository\org\apache\maven\doxia\doxia-sink-api\1.0-alpha-7\doxia-sink-api-1.0-alpha-7.jar;F:\mvn_repository\org\apache\maven\maven-error-diagnostics\2.0.6\maven-error-diagnostics-2.0.6.jar;F:\mvn_repository\commons-cli\commons-cli\1.0\commons-cli-1.0.jar;F:\mvn_repository\org\apache\maven\wagon\wagon-ssh-external\1.0-beta-2\wagon-ssh-external-1.0-beta-2.jar;F:\mvn_repository\org\apache\maven\wagon\wagon-ssh-common\1.0-beta-2\wagon-ssh-common-1.0-beta-2.jar;F:\mvn_repository\org\apache\maven\maven-plugin-descriptor\2.0.6\maven-plugin-descriptor-2.0.6.jar;F:\mvn_repository\org\codehaus\plexus\plexus-interactivity-api\1.0-alpha-4\plexus-interactivity-api-1.0-alpha-4.jar;F:\mvn_repository\org\apache\maven\maven-monitor\2.0.6\maven-monitor-2.0.6.jar;F:\mvn_repository\org\apache\maven\wagon\wagon-ssh\1.0-beta-2\wagon-ssh-1.0-beta-2.jar;F:\mvn_repository\com\jcraft\jsch\0.1.27\jsch-0.1.27.jar;F:\mvn_repository\org\codehaus\plexus\plexus-interpolation\1.15\plexus-interpolation-1.15.jar;F:\mvn_repository\org\codehaus\plexus\plexus-archiver\2.1\plexus-archiver-2.1.jar;F:\mvn_repository\org\codehaus\plexus\plexus-io\2.0.2\plexus-io-2.0.2.jar;F:\mvn_repository\org\codehaus\plexus\plexus-utils\3.0\plexus-utils-3.0.jar;F:\mvn_repository\junit\junit\4.11\junit-4.11.jar;F:\mvn_repository\org\hamcrest\hamcrest-core\1.3\hamcrest-core-1.3.jar;F:\mvn_repository\org\springframework\spring-core\5.0.8.RELEASE\spring-core-5.0.8.RELEASE.jar;F:\mvn_repository\org\springframework\spring-jcl\5.0.8.RELEASE\spring-jcl-5.0.8.RELEASE.jar;F:\mvn_repository\org\springframework\spring-webmvc\5.0.8.RELEASE\spring-webmvc-5.0.8.RELEASE.jar;F:\mvn_repository\org\springframework\spring-expression\5.0.8.RELEASE\spring-expression-5.0.8.RELEASE.jar;F:\mvn_repository\org\springframework\spring-web\5.0.8.RELEASE\spring-web-5.0.8.RELEASE.jar;F:\mvn_repository\org\springframework\spring-beans\5.0.8.RELEASE\spring-beans-5.0.8.RELEASE.jar;F:\mvn_repository\org\springframework\spring-context\5.0.8.RELEASE\spring-context-5.0.8.RELEASE.jar;F:\mvn_repository\org\springframework\spring-aop\5.0.8.RELEASE\spring-aop-5.0.8.RELEASE.jar;F:\mvn_repository\org\springframework\spring-tx\5.0.8.RELEASE\spring-tx-5.0.8.RELEASE.jar;F:\mvn_repository\org\springframework\spring-orm\5.0.8.RELEASE\spring-orm-5.0.8.RELEASE.jar;F:\mvn_repository\org\springframework\spring-jdbc\5.0.8.RELEASE\spring-jdbc-5.0.8.RELEASE.jar;F:\mvn_repository\org\springframework\spring-test\5.0.8.RELEASE\spring-test-5.0.8.RELEASE.jar;F:\mvn_repository\org\mybatis\mybatis\3.2.7\mybatis-3.2.7.jar;F:\mvn_repository\org\mybatis\mybatis-spring\1.2.2\mybatis-spring-1.2.2.jar;F:\mvn_repository\mysql\mysql-connector-java\5.1.30\mysql-connector-java-5.1.30.jar;F:\mvn_repository\com\alibaba\druid\1.0.5\druid-1.0.5.jar;F:\mvn_repository\org\codehaus\jackson\jackson-mapper-asl\1.9.13\jackson-mapper-asl-1.9.13.jar;F:\mvn_repository\org\codehaus\jackson\jackson-core-asl\1.9.13\jackson-core-asl-1.9.13.jar;F:\mvn_repository\com\fasterxml\jackson\core\jackson-core\2.9.4\jackson-core-2.9.4.jar;F:\mvn_repository\com\fasterxml\jackson\core\jackson-databind\2.9.4\jackson-databind-2.9.4.jar;F:\mvn_repository\com\fasterxml\jackson\core\jackson-annotations\2.9.4\jackson-annotations-2.9.4.jar;F:\mvn_repository\net\sf\json-lib\json-lib\2.3\json-lib-2.3-jdk15.jar;F:\mvn_repository\commons-beanutils\commons-beanutils\1.8.3\commons-beanutils-1.8.3.jar;F:\mvn_repository\commons-lang\commons-lang\2.5\commons-lang-2.5.jar;F:\mvn_repository\net\sf\ezmorph\ezmorph\1.0.6\ezmorph-1.0.6.jar;F:\mvn_repository\log4j\log4j\1.2.12\log4j-1.2.12.jar;F:\mvn_repository\org\slf4j\slf4j-api\1.6.6\slf4j-api-1.6.6.jar;F:\mvn_repository\org\slf4j\slf4j-log4j12\1.6.6\slf4j-log4j12-1.6.6.jar;F:\mvn_repository\javax\servlet\jstl\1.2\jstl-1.2.jar;F:\mvn_repository\javax\servlet\javax.servlet-api\3.1.0\javax.servlet-api-3.1.0.jar;F:\mvn_repository\commons-fileupload\commons-fileupload\1.3.1\commons-fileupload-1.3.1.jar;F:\mvn_repository\commons-io\commons-io\2.2\commons-io-2.2.jar;F:\mvn_repository\org\apache\httpcomponents\httpclient\4.1.2\httpclient-4.1.2.jar;F:\mvn_repository\org\apache\httpcomponents\httpcore\4.1.2\httpcore-4.1.2.jar;F:\mvn_repository\commons-codec\commons-codec\1.9\commons-codec-1.9.jar;F:\mvn_repository\commons-net\commons-net\3.3\commons-net-3.3.jar;F:\mvn_repository\commons-logging\commons-logging\1.1.3\commons-logging-1.1.3.jar;F:\mvn_repository\commons-collections\commons-collections\3.2.1\commons-collections-3.2.1.jar;F:\mvn_repository\commons-dbcp\commons-dbcp\1.4\commons-dbcp-1.4.jar;F:\mvn_repository\commons-pool\commons-pool\1.5.4\commons-pool-1.5.4.jar;F:\mvn_repository\org\aspectj\aspectjweaver\1.6.12\aspectjweaver-1.6.12.jar;F:\mvn_repository\org\aspectj\aspectjrt\1.6.12\aspectjrt-1.6.12.jar;F:\mvn_repository\org\sitemesh\sitemesh\3.0.0\sitemesh-3.0.0.jar;F:\mvn_repository\com\alibaba\fastjson\1.2.58\fastjson-1.2.58.jar;F:\mvn_repository\org\elasticsearch\elasticsearch\6.2.2\elasticsearch-6.2.2.jar;F:\mvn_repository\org\elasticsearch\elasticsearch-core\6.2.2\elasticsearch-core-6.2.2.jar;F:\mvn_repository\org\apache\lucene\lucene-core\7.2.1\lucene-core-7.2.1.jar;F:\mvn_repository\org\apache\lucene\lucene-analyzers-common\7.2.1\lucene-analyzers-common-7.2.1.jar;F:\mvn_repository\org\apache\lucene\lucene-backward-codecs\7.2.1\lucene-backward-codecs-7.2.1.jar;F:\mvn_repository\org\apache\lucene\lucene-grouping\7.2.1\lucene-grouping-7.2.1.jar;F:\mvn_repository\org\apache\lucene\lucene-highlighter\7.2.1\lucene-highlighter-7.2.1.jar;F:\mvn_repository\org\apache\lucene\lucene-join\7.2.1\lucene-join-7.2.1.jar;F:\mvn_repository\org\apache\lucene\lucene-memory\7.2.1\lucene-memory-7.2.1.jar;F:\mvn_repository\org\apache\lucene\lucene-misc\7.2.1\lucene-misc-7.2.1.jar;F:\mvn_repository\org\apache\lucene\lucene-queries\7.2.1\lucene-queries-7.2.1.jar;F:\mvn_repository\org\apache\lucene\lucene-queryparser\7.2.1\lucene-queryparser-7.2.1.jar;F:\mvn_repository\org\apache\lucene\lucene-sandbox\7.2.1\lucene-sandbox-7.2.1.jar;F:\mvn_repository\org\apache\lucene\lucene-spatial\7.2.1\lucene-spatial-7.2.1.jar;F:\mvn_repository\org\apache\lucene\lucene-spatial-extras\7.2.1\lucene-spatial-extras-7.2.1.jar;F:\mvn_repository\org\apache\lucene\lucene-spatial3d\7.2.1\lucene-spatial3d-7.2.1.jar;F:\mvn_repository\org\apache\lucene\lucene-suggest\7.2.1\lucene-suggest-7.2.1.jar;F:\mvn_repository\org\elasticsearch\securesm\1.2\securesm-1.2.jar;F:\mvn_repository\org\elasticsearch\elasticsearch-cli\6.2.2\elasticsearch-cli-6.2.2.jar;F:\mvn_repository\net\sf\jopt-simple\jopt-simple\5.0.2\jopt-simple-5.0.2.jar;F:\mvn_repository\com\carrotsearch\hppc\0.7.1\hppc-0.7.1.jar;F:\mvn_repository\joda-time\joda-time\2.9.9\joda-time-2.9.9.jar;F:\mvn_repository\org\yaml\snakeyaml\1.17\snakeyaml-1.17.jar;F:\mvn_repository\com\fasterxml\jackson\dataformat\jackson-dataformat-smile\2.8.10\jackson-dataformat-smile-2.8.10.jar;F:\mvn_repository\com\fasterxml\jackson\dataformat\jackson-dataformat-yaml\2.8.10\jackson-dataformat-yaml-2.8.10.jar;F:\mvn_repository\com\fasterxml\jackson\dataformat\jackson-dataformat-cbor\2.8.10\jackson-dataformat-cbor-2.8.10.jar;F:\mvn_repository\com\tdunning\t-digest\3.0\t-digest-3.0.jar;F:\mvn_repository\org\hdrhistogram\HdrHistogram\2.1.9\HdrHistogram-2.1.9.jar;F:\mvn_repository\org\apache\logging\log4j\log4j-api\2.9.1\log4j-api-2.9.1.jar;F:\mvn_repository\org\elasticsearch\jna\4.5.1\jna-4.5.1.jar;F:\mvn_repository\org\elasticsearch\client\transport\6.2.2\transport-6.2.2.jar;F:\mvn_repository\org\elasticsearch\plugin\transport-netty4-client\6.2.2\transport-netty4-client-6.2.2.jar;F:\mvn_repository\io\netty\netty-buffer\4.1.16.Final\netty-buffer-4.1.16.Final.jar;F:\mvn_repository\io\netty\netty-codec\4.1.16.Final\netty-codec-4.1.16.Final.jar;F:\mvn_repository\io\netty\netty-codec-http\4.1.16.Final\netty-codec-http-4.1.16.Final.jar;F:\mvn_repository\io\netty\netty-common\4.1.16.Final\netty-common-4.1.16.Final.jar;F:\mvn_repository\io\netty\netty-handler\4.1.16.Final\netty-handler-4.1.16.Final.jar;F:\mvn_repository\io\netty\netty-resolver\4.1.16.Final\netty-resolver-4.1.16.Final.jar;F:\mvn_repository\io\netty\netty-transport\4.1.16.Final\netty-transport-4.1.16.Final.jar;F:\mvn_repository\org\locationtech\spatial4j\spatial4j\0.6\spatial4j-0.6.jar;F:\mvn_repository\com\vividsolutions\jts\1.13\jts-1.13.jar;F:\mvn_repository\org\apache\logging\log4j\log4j-core\2.9.1\log4j-core-2.9.1.jar;F:\mvn_repository\org\elasticsearch\plugin\reindex-client\6.2.2\reindex-client-6.2.2.jar;F:\mvn_repository\org\elasticsearch\client\elasticsearch-rest-client\6.2.2\elasticsearch-rest-client-6.2.2.jar;F:\mvn_repository\org\apache\httpcomponents\httpasyncclient\4.1.2\httpasyncclient-4.1.2.jar;F:\mvn_repository\org\apache\httpcomponents\httpcore-nio\4.4.5\httpcore-nio-4.4.5.jar;F:\mvn_repository\org\elasticsearch\plugin\lang-mustache-client\6.2.2\lang-mustache-client-6.2.2.jar;F:\mvn_repository\com\github\spullara\mustache\java\compiler\0.9.3\compiler-0.9.3.jar;F:\mvn_repository\org\elasticsearch\plugin\percolator-client\6.2.2\percolator-client-6.2.2.jar;F:\mvn_repository\org\elasticsearch\plugin\parent-join-client\6.2.2\parent-join-client-6.2.2.jar;F:\mvn_repository\org\elasticsearch\plugin\rank-eval-client\6.2.2\rank-eval-client-6.2.2.jar;F:\mvn_repository\org\springframework\data\spring-data-elasticsearch\3.1.9.RELEASE\spring-data-elasticsearch-3.1.9.RELEASE.jar;F:\mvn_repository\org\springframework\data\spring-data-commons\2.1.9.RELEASE\spring-data-commons-2.1.9.RELEASE.jar;"/>
    <property name="sun.cpu.endian" value="little"/>
    <property name="user.home" value="C:\Users\Administrator"/>
    <property name="user.language" value="zh"/>
    <property name="java.specification.vendor" value="Oracle Corporation"/>
    <property name="java.home" value="D:\develop\Java\jdk1.8.0_201\jre"/>
    <property name="basedir" value="F:\workSpace\EIS\EISParent\EIS5-3\eis-business\business-resourceCenter"/>
    <property name="file.separator" value="\"/>
    <property name="line.separator" value="&#10;"/>
    <property name="java.vm.specification.vendor" value="Oracle Corporation"/>
    <property name="java.specification.name" value="Java Platform API Specification"/>
    <property name="java.awt.graphicsenv" value="sun.awt.Win32GraphicsEnvironment"/>
    <property name="surefire.real.class.path" value="C:\Windows\TEMP\surefire1065949831438461692\surefirebooter4682722565407347776.jar"/>
    <property name="sun.boot.class.path" value="D:\develop\Java\jdk1.8.0_201\jre\lib\resources.jar;D:\develop\Java\jdk1.8.0_201\jre\lib\rt.jar;D:\develop\Java\jdk1.8.0_201\jre\lib\sunrsasign.jar;D:\develop\Java\jdk1.8.0_201\jre\lib\jsse.jar;D:\develop\Java\jdk1.8.0_201\jre\lib\jce.jar;D:\develop\Java\jdk1.8.0_201\jre\lib\charsets.jar;D:\develop\Java\jdk1.8.0_201\jre\lib\jfr.jar;D:\develop\Java\jdk1.8.0_201\jre\classes"/>
    <property name="user.script" value=""/>
    <property name="sun.management.compiler" value="HotSpot 64-Bit Tiered Compilers"/>
    <property name="java.runtime.version" value="1.8.0_201-b09"/>
    <property name="user.name" value="Administrator"/>
    <property name="path.separator" value=";"/>
    <property name="os.version" value="10.0"/>
    <property name="java.endorsed.dirs" value="D:\develop\Java\jdk1.8.0_201\jre\lib\endorsed"/>
    <property name="java.runtime.name" value="Java(TM) SE Runtime Environment"/>
    <property name="file.encoding" value="GBK"/>
    <property name="java.vm.name" value="Java HotSpot(TM) 64-Bit Server VM"/>
    <property name="localRepository" value="F:\mvn_repository"/>
    <property name="java.vendor.url.bug" value="http://bugreport.sun.com/bugreport/"/>
    <property name="java.io.tmpdir" value="C:\Windows\TEMP\"/>
    <property name="idea.version" value="2018.2.2"/>
    <property name="java.version" value="1.8.0_201"/>
    <property name="user.dir" value="F:\workSpace\EIS\EISParent\EIS5-3\eis-business\business-resourceCenter"/>
    <property name="os.arch" value="amd64"/>
    <property name="java.vm.specification.name" value="Java Virtual Machine Specification"/>
    <property name="java.awt.printerjob" value="sun.awt.windows.WPrinterJob"/>
    <property name="sun.os.patch.level" value=""/>
    <property name="java.library.path" value="D:\develop\Java\jdk1.8.0_201\jre\bin;C:\Windows\Sun\Java\bin;C:\Windows\system32;C:\Windows;D:\develop\Java\jdk1.8.0_201\bin;D:\develop\apache-maven-3.6.0\bin;D:\develop\MySQL\mysql-5.7.23-winx64\bin;D:\develop\oracle\12.1.0\dbhome_1\bin;C:\Windows\system32;C:\Windows;C:\Windows\System32\Wbem;C:\Windows\System32\WindowsPowerShell\v1.0\;C:\Windows\System32\OpenSSH\;C:\Program Files (x86)\Intel\Intel(R) Management Engine Components\DAL;C:\Program Files\Intel\Intel(R) Management Engine Components\DAL;C:\Program Files (x86)\NVIDIA Corporation\PhysX\Common;C:\Program Files\NVIDIA Corporation\NVIDIA NvDLISR;D:\develop\nodejs\;D:\develop\VisualSVN Server\bin;D:\develop\TortoiseSVN\bin;D:\develop\nodejs\node_global;C:\Program Files\Git\cmd;C:\Program Files\TortoiseGit\bin;C:\Users\Administrator\AppData\Local\Programs\Python\Python38-32\Scripts\;C:\Users\Administrator\AppData\Local\Programs\Python\Python38-32\;C:\develop\Microsoft VS Code\bin;D:\SSH;."/>
    <property name="java.vm.info" value="mixed mode"/>
    <property name="java.vendor" value="Oracle Corporation"/>
    <property name="java.vm.version" value="25.201-b09"/>
    <property name="java.ext.dirs" value="D:\develop\Java\jdk1.8.0_201\jre\lib\ext;C:\Windows\Sun\Java\lib\ext"/>
    <property name="sun.io.unicode.encoding" value="UnicodeLittle"/>
    <property name="java.class.version" value="52.0"/>
  </properties>
  <testcase name="listByCatalogResLink" classname="com.ecspace.business.resourceCenter.administrator.service.ResourceServiceTest" time="0.002"/>
  <testcase name="deleteBatch" classname="com.ecspace.business.resourceCenter.administrator.service.ResourceServiceTest" time="0"/>
  <testcase name="list" classname="com.ecspace.business.resourceCenter.administrator.service.ResourceServiceTest" time="0.01">
    <error type="java.lang.NullPointerException">java.lang.NullPointerException
	at com.ecspace.business.resourceCenter.administrator.service.ResourceServiceTest.list(ResourceServiceTest.java:21)
</error>
  </testcase>
  <testcase name="listByCatalogResLinkTotal" classname="com.ecspace.business.resourceCenter.administrator.service.ResourceServiceTest" time="0"/>
</testsuite>